<?xml version="1.0" ?>
<coverage version="7.13.5" timestamp="1781220797056" lines-valid="1444" lines-covered="1444" line-rate="1" branches-covered="0" branches-valid="0" branch-rate="0" complexity="0">
	<!-- Generated by coverage.py: https://coverage.readthedocs.io/en/7.13.5 -->
	<!-- Based on https://raw.githubusercontent.com/cobertura/web/master/htdocs/xml/coverage-04.dtd -->
	<sources>
		<source>C:\Users\LENOVO\Documents\certypro\SystemCertification\api</source>
	</sources>
	<packages>
		<package name="." line-rate="1" branch-rate="0" complexity="0">
			<classes>
				<class name="__init__.py" filename="__init__.py" complexity="0" line-rate="1" branch-rate="0">
					<methods/>
					<lines/>
				</class>
				<class name="audit.py" filename="audit.py" complexity="0" line-rate="1" branch-rate="0">
					<methods/>
					<lines>
						<line number="7" hits="1"/>
						<line number="9" hits="1"/>
						<line number="12" hits="1"/>
						<line number="23" hits="1"/>
						<line number="24" hits="1"/>
						<line number="26" hits="1"/>
						<line number="33" hits="1"/>
						<line number="34" hits="1"/>
						<line number="37" hits="1"/>
						<line number="39" hits="1"/>
						<line number="40" hits="1"/>
						<line number="41" hits="1"/>
						<line number="42" hits="1"/>
					</lines>
				</class>
				<class name="models.py" filename="models.py" complexity="0" line-rate="1" branch-rate="0">
					<methods/>
					<lines>
						<line number="1" hits="1"/>
						<line number="3" hits="1"/>
						<line number="4" hits="1"/>
						<line number="7" hits="1"/>
						<line number="8" hits="1"/>
						<line number="17" hits="1"/>
						<line number="18" hits="1"/>
						<line number="25" hits="1"/>
						<line number="32" hits="1"/>
						<line number="33" hits="1"/>
						<line number="34" hits="1"/>
						<line number="36" hits="1"/>
						<line number="37" hits="1"/>
						<line number="38" hits="1"/>
						<line number="44" hits="1"/>
						<line number="45" hits="1"/>
						<line number="46" hits="1"/>
					</lines>
				</class>
				<class name="permissions.py" filename="permissions.py" complexity="0" line-rate="1" branch-rate="0">
					<methods/>
					<lines>
						<line number="6" hits="1"/>
						<line number="8" hits="1"/>
						<line number="11" hits="1"/>
						<line number="13" hits="1"/>
						<line number="14" hits="1"/>
						<line number="15" hits="1"/>
						<line number="18" hits="1"/>
						<line number="20" hits="1"/>
						<line number="21" hits="1"/>
						<line number="22" hits="1"/>
						<line number="25" hits="1"/>
						<line number="27" hits="1"/>
						<line number="28" hits="1"/>
						<line number="29" hits="1"/>
						<line number="32" hits="1"/>
						<line number="37" hits="1"/>
						<line number="38" hits="1"/>
						<line number="41" hits="1"/>
						<line number="46" hits="1"/>
						<line number="47" hits="1"/>
						<line number="50" hits="1"/>
						<line number="55" hits="1"/>
						<line number="56" hits="1"/>
						<line number="59" hits="1"/>
						<line number="64" hits="1"/>
						<line number="65" hits="1"/>
						<line number="66" hits="1"/>
						<line number="68" hits="1"/>
						<line number="69" hits="1"/>
						<line number="71" hits="1"/>
						<line number="72" hits="1"/>
						<line number="74" hits="1"/>
						<line number="77" hits="1"/>
						<line number="82" hits="1"/>
						<line number="83" hits="1"/>
						<line number="84" hits="1"/>
						<line number="86" hits="1"/>
						<line number="87" hits="1"/>
						<line number="89" hits="1"/>
						<line number="90" hits="1"/>
						<line number="92" hits="1"/>
						<line number="95" hits="1"/>
						<line number="101" hits="1"/>
						<line number="102" hits="1"/>
						<line number="103" hits="1"/>
						<line number="105" hits="1"/>
						<line number="106" hits="1"/>
						<line number="108" hits="1"/>
						<line number="109" hits="1"/>
						<line number="111" hits="1"/>
						<line number="114" hits="1"/>
						<line number="120" hits="1"/>
						<line number="121" hits="1"/>
						<line number="122" hits="1"/>
						<line number="124" hits="1"/>
						<line number="125" hits="1"/>
						<line number="127" hits="1"/>
						<line number="128" hits="1"/>
						<line number="130" hits="1"/>
						<line number="133" hits="1"/>
						<line number="139" hits="1"/>
						<line number="140" hits="1"/>
						<line number="141" hits="1"/>
						<line number="143" hits="1"/>
						<line number="144" hits="1"/>
						<line number="146" hits="1"/>
						<line number="147" hits="1"/>
						<line number="149" hits="1"/>
						<line number="152" hits="1"/>
						<line number="158" hits="1"/>
						<line number="159" hits="1"/>
						<line number="160" hits="1"/>
						<line number="162" hits="1"/>
						<line number="163" hits="1"/>
						<line number="165" hits="1"/>
						<line number="166" hits="1"/>
						<line number="168" hits="1"/>
						<line number="171" hits="1"/>
						<line number="177" hits="1"/>
						<line number="178" hits="1"/>
						<line number="179" hits="1"/>
						<line number="181" hits="1"/>
						<line number="182" hits="1"/>
						<line number="184" hits="1"/>
						<line number="185" hits="1"/>
						<line number="187" hits="1"/>
					</lines>
				</class>
				<class name="serializers.py" filename="serializers.py" complexity="0" line-rate="1" branch-rate="0">
					<methods/>
					<lines>
						<line number="5" hits="1"/>
						<line number="7" hits="1"/>
						<line number="8" hits="1"/>
						<line number="9" hits="1"/>
						<line number="10" hits="1"/>
						<line number="11" hits="1"/>
						<line number="12" hits="1"/>
						<line number="13" hits="1"/>
						<line number="16" hits="1"/>
						<line number="17" hits="1"/>
						<line number="18" hits="1"/>
						<line number="19" hits="1"/>
						<line number="20" hits="1"/>
						<line number="21" hits="1"/>
						<line number="22" hits="1"/>
						<line number="24" hits="1"/>
						<line number="25" hits="1"/>
						<line number="26" hits="1"/>
						<line number="27" hits="1"/>
						<line number="30" hits="1"/>
						<line number="31" hits="1"/>
						<line number="32" hits="1"/>
						<line number="33" hits="1"/>
						<line number="34" hits="1"/>
						<line number="35" hits="1"/>
						<line number="36" hits="1"/>
						<line number="37" hits="1"/>
						<line number="39" hits="1"/>
						<line number="40" hits="1"/>
						<line number="41" hits="1"/>
						<line number="69" hits="1"/>
						<line number="71" hits="1"/>
						<line number="72" hits="1"/>
						<line number="74" hits="1"/>
						<line number="75" hits="1"/>
						<line number="76" hits="1"/>
						<line number="77" hits="1"/>
						<line number="79" hits="1"/>
						<line number="80" hits="1"/>
						<line number="81" hits="1"/>
						<line number="82" hits="1"/>
						<line number="85" hits="1"/>
						<line number="86" hits="1"/>
						<line number="87" hits="1"/>
						<line number="88" hits="1"/>
						<line number="91" hits="1"/>
						<line number="92" hits="1"/>
						<line number="94" hits="1"/>
						<line number="95" hits="1"/>
						<line number="96" hits="1"/>
						<line number="111" hits="1"/>
						<line number="112" hits="1"/>
						<line number="113" hits="1"/>
						<line number="114" hits="1"/>
						<line number="117" hits="1"/>
						<line number="118" hits="1"/>
						<line number="121" hits="1"/>
						<line number="122" hits="1"/>
						<line number="124" hits="1"/>
						<line number="135" hits="1"/>
						<line number="137" hits="1"/>
						<line number="140" hits="1"/>
						<line number="143" hits="1"/>
						<line number="144" hits="1"/>
						<line number="145" hits="1"/>
						<line number="146" hits="1"/>
						<line number="147" hits="1"/>
						<line number="150" hits="1"/>
						<line number="151" hits="1"/>
						<line number="152" hits="1"/>
						<line number="153" hits="1"/>
						<line number="155" hits="1"/>
						<line number="156" hits="1"/>
						<line number="157" hits="1"/>
						<line number="172" hits="1"/>
						<line number="173" hits="1"/>
						<line number="180" hits="1"/>
						<line number="181" hits="1"/>
						<line number="188" hits="1"/>
						<line number="189" hits="1"/>
						<line number="192" hits="1"/>
						<line number="193" hits="1"/>
						<line number="194" hits="1"/>
						<line number="195" hits="1"/>
						<line number="196" hits="1"/>
						<line number="198" hits="1"/>
						<line number="199" hits="1"/>
						<line number="200" hits="1"/>
						<line number="216" hits="1"/>
						<line number="217" hits="1"/>
						<line number="224" hits="1"/>
						<line number="225" hits="1"/>
						<line number="226" hits="1"/>
						<line number="227" hits="1"/>
						<line number="228" hits="1"/>
						<line number="229" hits="1"/>
						<line number="240" hits="1"/>
						<line number="241" hits="1"/>
						<line number="243" hits="1"/>
						<line number="244" hits="1"/>
						<line number="245" hits="1"/>
						<line number="248" hits="1"/>
						<line number="249" hits="1"/>
						<line number="250" hits="1"/>
						<line number="251" hits="1"/>
						<line number="254" hits="1"/>
						<line number="255" hits="1"/>
						<line number="256" hits="1"/>
						<line number="257" hits="1"/>
						<line number="260" hits="1"/>
						<line number="261" hits="1"/>
						<line number="262" hits="1"/>
						<line number="265" hits="1"/>
						<line number="266" hits="1"/>
						<line number="268" hits="1"/>
						<line number="269" hits="1"/>
						<line number="270" hits="1"/>
						<line number="272" hits="1"/>
						<line number="273" hits="1"/>
						<line number="274" hits="1"/>
						<line number="275" hits="1"/>
						<line number="276" hits="1"/>
						<line number="277" hits="1"/>
						<line number="278" hits="1"/>
						<line number="279" hits="1"/>
						<line number="280" hits="1"/>
						<line number="281" hits="1"/>
						<line number="282" hits="1"/>
						<line number="283" hits="1"/>
						<line number="286" hits="1"/>
						<line number="287" hits="1"/>
						<line number="288" hits="1"/>
						<line number="289" hits="1"/>
						<line number="300" hits="1"/>
						<line number="303" hits="1"/>
						<line number="304" hits="1"/>
						<line number="305" hits="1"/>
						<line number="306" hits="1"/>
						<line number="317" hits="1"/>
						<line number="320" hits="1"/>
						<line number="321" hits="1"/>
						<line number="322" hits="1"/>
						<line number="323" hits="1"/>
						<line number="341" hits="1"/>
						<line number="342" hits="1"/>
						<line number="343" hits="1"/>
						<line number="344" hits="1"/>
						<line number="346" hits="1"/>
						<line number="347" hits="1"/>
						<line number="348" hits="1"/>
						<line number="365" hits="1"/>
						<line number="366" hits="1"/>
						<line number="368" hits="1"/>
						<line number="369" hits="1"/>
						<line number="371" hits="1"/>
						<line number="372" hits="1"/>
						<line number="375" hits="1"/>
						<line number="376" hits="1"/>
						<line number="377" hits="1"/>
						<line number="378" hits="1"/>
						<line number="379" hits="1"/>
						<line number="380" hits="1"/>
						<line number="381" hits="1"/>
						<line number="382" hits="1"/>
						<line number="383" hits="1"/>
						<line number="385" hits="1"/>
						<line number="386" hits="1"/>
						<line number="387" hits="1"/>
						<line number="404" hits="1"/>
						<line number="405" hits="1"/>
						<line number="407" hits="1"/>
						<line number="408" hits="1"/>
						<line number="409" hits="1"/>
						<line number="410" hits="1"/>
						<line number="412" hits="1"/>
						<line number="413" hits="1"/>
						<line number="414" hits="1"/>
						<line number="415" hits="1"/>
						<line number="417" hits="1"/>
						<line number="418" hits="1"/>
						<line number="420" hits="1"/>
						<line number="421" hits="1"/>
						<line number="423" hits="1"/>
						<line number="424" hits="1"/>
						<line number="427" hits="1"/>
						<line number="428" hits="1"/>
						<line number="429" hits="1"/>
						<line number="430" hits="1"/>
						<line number="434" hits="1"/>
						<line number="435" hits="1"/>
						<line number="436" hits="1"/>
						<line number="437" hits="1"/>
						<line number="438" hits="1"/>
						<line number="439" hits="1"/>
						<line number="441" hits="1"/>
						<line number="442" hits="1"/>
						<line number="443" hits="1"/>
						<line number="445" hits="1"/>
						<line number="446" hits="1"/>
						<line number="448" hits="1"/>
						<line number="449" hits="1"/>
						<line number="452" hits="1"/>
						<line number="460" hits="1"/>
						<line number="461" hits="1"/>
						<line number="464" hits="1"/>
						<line number="467" hits="1"/>
						<line number="469" hits="1"/>
						<line number="473" hits="1"/>
						<line number="476" hits="1"/>
						<line number="477" hits="1"/>
						<line number="480" hits="1"/>
						<line number="481" hits="1"/>
						<line number="487" hits="1"/>
						<line number="488" hits="1"/>
						<line number="489" hits="1"/>
						<line number="490" hits="1"/>
						<line number="491" hits="1"/>
						<line number="494" hits="1"/>
						<line number="495" hits="1"/>
						<line number="496" hits="1"/>
						<line number="497" hits="1"/>
						<line number="500" hits="1"/>
						<line number="503" hits="1"/>
						<line number="504" hits="1"/>
						<line number="509" hits="1"/>
						<line number="514" hits="1"/>
						<line number="515" hits="1"/>
						<line number="521" hits="1"/>
						<line number="526" hits="1"/>
						<line number="531" hits="1"/>
						<line number="532" hits="1"/>
						<line number="533" hits="1"/>
						<line number="540" hits="1"/>
						<line number="541" hits="1"/>
						<line number="548" hits="1"/>
						<line number="549" hits="1"/>
						<line number="557" hits="1"/>
						<line number="558" hits="1"/>
						<line number="559" hits="1"/>
						<line number="560" hits="1"/>
						<line number="561" hits="1"/>
						<line number="564" hits="1"/>
						<line number="567" hits="1"/>
						<line number="570" hits="1"/>
						<line number="571" hits="1"/>
						<line number="572" hits="1"/>
						<line number="573" hits="1"/>
						<line number="574" hits="1"/>
						<line number="575" hits="1"/>
						<line number="577" hits="1"/>
						<line number="578" hits="1"/>
						<line number="579" hits="1"/>
						<line number="580" hits="1"/>
						<line number="581" hits="1"/>
						<line number="582" hits="1"/>
						<line number="583" hits="1"/>
						<line number="585" hits="1"/>
						<line number="586" hits="1"/>
						<line number="587" hits="1"/>
						<line number="588" hits="1"/>
						<line number="590" hits="1"/>
						<line number="591" hits="1"/>
						<line number="593" hits="1"/>
						<line number="594" hits="1"/>
						<line number="595" hits="1"/>
						<line number="600" hits="1"/>
						<line number="602" hits="1"/>
						<line number="603" hits="1"/>
						<line number="604" hits="1"/>
						<line number="605" hits="1"/>
						<line number="606" hits="1"/>
						<line number="607" hits="1"/>
						<line number="608" hits="1"/>
						<line number="609" hits="1"/>
						<line number="610" hits="1"/>
						<line number="618" hits="1"/>
						<line number="619" hits="1"/>
						<line number="622" hits="1"/>
						<line number="623" hits="1"/>
						<line number="624" hits="1"/>
						<line number="626" hits="1"/>
						<line number="628" hits="1"/>
						<line number="629" hits="1"/>
						<line number="630" hits="1"/>
						<line number="641" hits="1"/>
						<line number="643" hits="1"/>
						<line number="644" hits="1"/>
						<line number="646" hits="1"/>
						<line number="647" hits="1"/>
					</lines>
				</class>
				<class name="urls.py" filename="urls.py" complexity="0" line-rate="1" branch-rate="0">
					<methods/>
					<lines>
						<line number="5" hits="1"/>
						<line number="6" hits="1"/>
						<line number="8" hits="1"/>
						<line number="25" hits="1"/>
						<line number="26" hits="1"/>
						<line number="27" hits="1"/>
						<line number="28" hits="1"/>
						<line number="29" hits="1"/>
						<line number="30" hits="1"/>
						<line number="31" hits="1"/>
						<line number="32" hits="1"/>
						<line number="33" hits="1"/>
						<line number="35" hits="1"/>
					</lines>
				</class>
				<class name="views.py" filename="views.py" complexity="0" line-rate="1" branch-rate="0">
					<methods/>
					<lines>
						<line number="5" hits="1"/>
						<line number="6" hits="1"/>
						<line number="7" hits="1"/>
						<line number="9" hits="1"/>
						<line number="10" hits="1"/>
						<line number="11" hits="1"/>
						<line number="12" hits="1"/>
						<line number="13" hits="1"/>
						<line number="14" hits="1"/>
						<line number="15" hits="1"/>
						<line number="16" hits="1"/>
						<line number="18" hits="1"/>
						<line number="19" hits="1"/>
						<line number="20" hits="1"/>
						<line number="21" hits="1"/>
						<line number="22" hits="1"/>
						<line number="23" hits="1"/>
						<line number="24" hits="1"/>
						<line number="25" hits="1"/>
						<line number="26" hits="1"/>
						<line number="27" hits="1"/>
						<line number="29" hits="1"/>
						<line number="61" hits="1"/>
						<line number="64" hits="1"/>
						<line number="69" hits="1"/>
						<line number="70" hits="1"/>
						<line number="71" hits="1"/>
						<line number="72" hits="1"/>
						<line number="75" hits="1"/>
						<line number="80" hits="1"/>
						<line number="81" hits="1"/>
						<line number="82" hits="1"/>
						<line number="83" hits="1"/>
						<line number="86" hits="1"/>
						<line number="107" hits="1"/>
						<line number="156" hits="1"/>
						<line number="179" hits="1"/>
						<line number="242" hits="1"/>
						<line number="243" hits="1"/>
						<line number="244" hits="1"/>
						<line number="245" hits="1"/>
						<line number="246" hits="1"/>
						<line number="247" hits="1"/>
						<line number="250" hits="1"/>
						<line number="272" hits="1"/>
						<line number="274" hits="1"/>
						<line number="302" hits="1"/>
						<line number="303" hits="1"/>
						<line number="304" hits="1"/>
						<line number="305" hits="1"/>
						<line number="307" hits="1"/>
						<line number="309" hits="1"/>
						<line number="310" hits="1"/>
						<line number="312" hits="1"/>
						<line number="314" hits="1"/>
						<line number="315" hits="1"/>
						<line number="316" hits="1"/>
						<line number="317" hits="1"/>
						<line number="322" hits="1"/>
						<line number="324" hits="1"/>
						<line number="325" hits="1"/>
						<line number="327" hits="1"/>
						<line number="328" hits="1"/>
						<line number="334" hits="1"/>
						<line number="335" hits="1"/>
						<line number="336" hits="1"/>
						<line number="337" hits="1"/>
						<line number="345" hits="1"/>
						<line number="346" hits="1"/>
						<line number="349" hits="1"/>
						<line number="351" hits="1"/>
						<line number="366" hits="1"/>
						<line number="367" hits="1"/>
						<line number="368" hits="1"/>
						<line number="369" hits="1"/>
						<line number="370" hits="1"/>
						<line number="371" hits="1"/>
						<line number="377" hits="1"/>
						<line number="393" hits="1"/>
						<line number="395" hits="1"/>
						<line number="422" hits="1"/>
						<line number="423" hits="1"/>
						<line number="425" hits="1"/>
						<line number="438" hits="1"/>
						<line number="510" hits="1"/>
						<line number="528" hits="1"/>
						<line number="530" hits="1"/>
						<line number="535" hits="1"/>
						<line number="536" hits="1"/>
						<line number="539" hits="1"/>
						<line number="540" hits="1"/>
						<line number="541" hits="1"/>
						<line number="545" hits="1"/>
						<line number="547" hits="1"/>
						<line number="549" hits="1"/>
						<line number="550" hits="1"/>
						<line number="551" hits="1"/>
						<line number="552" hits="1"/>
						<line number="553" hits="1"/>
						<line number="554" hits="1"/>
						<line number="555" hits="1"/>
						<line number="556" hits="1"/>
						<line number="557" hits="1"/>
						<line number="559" hits="1"/>
						<line number="561" hits="1"/>
						<line number="562" hits="1"/>
						<line number="563" hits="1"/>
						<line number="564" hits="1"/>
						<line number="568" hits="1"/>
						<line number="577" hits="1"/>
						<line number="578" hits="1"/>
						<line number="580" hits="1"/>
						<line number="582" hits="1"/>
						<line number="583" hits="1"/>
						<line number="585" hits="1"/>
						<line number="605" hits="1"/>
						<line number="606" hits="1"/>
						<line number="617" hits="1"/>
						<line number="618" hits="1"/>
						<line number="620" hits="1"/>
						<line number="621" hits="1"/>
						<line number="622" hits="1"/>
						<line number="624" hits="1"/>
						<line number="625" hits="1"/>
						<line number="626" hits="1"/>
						<line number="627" hits="1"/>
						<line number="628" hits="1"/>
						<line number="633" hits="1"/>
						<line number="634" hits="1"/>
						<line number="641" hits="1"/>
						<line number="649" hits="1"/>
						<line number="650" hits="1"/>
						<line number="658" hits="1"/>
						<line number="681" hits="1"/>
						<line number="682" hits="1"/>
						<line number="694" hits="1"/>
						<line number="695" hits="1"/>
						<line number="696" hits="1"/>
						<line number="698" hits="1"/>
						<line number="699" hits="1"/>
						<line number="701" hits="1"/>
						<line number="702" hits="1"/>
						<line number="703" hits="1"/>
						<line number="704" hits="1"/>
						<line number="712" hits="1"/>
						<line number="721" hits="1"/>
						<line number="722" hits="1"/>
						<line number="730" hits="1"/>
						<line number="747" hits="1"/>
						<line number="748" hits="1"/>
						<line number="754" hits="1"/>
						<line number="755" hits="1"/>
						<line number="757" hits="1"/>
						<line number="766" hits="1"/>
						<line number="800" hits="1"/>
						<line number="801" hits="1"/>
						<line number="808" hits="1"/>
						<line number="810" hits="1"/>
						<line number="811" hits="1"/>
						<line number="819" hits="1"/>
						<line number="820" hits="1"/>
						<line number="821" hits="1"/>
						<line number="822" hits="1"/>
						<line number="823" hits="1"/>
						<line number="830" hits="1"/>
						<line number="832" hits="1"/>
						<line number="833" hits="1"/>
						<line number="834" hits="1"/>
						<line number="835" hits="1"/>
						<line number="842" hits="1"/>
						<line number="851" hits="1"/>
						<line number="852" hits="1"/>
						<line number="857" hits="1"/>
						<line number="885" hits="1"/>
						<line number="891" hits="1"/>
						<line number="901" hits="1"/>
						<line number="902" hits="1"/>
						<line number="904" hits="1"/>
						<line number="906" hits="1"/>
						<line number="907" hits="1"/>
						<line number="908" hits="1"/>
						<line number="909" hits="1"/>
						<line number="918" hits="1"/>
						<line number="924" hits="1"/>
						<line number="925" hits="1"/>
						<line number="926" hits="1"/>
						<line number="927" hits="1"/>
						<line number="929" hits="1"/>
						<line number="943" hits="1"/>
						<line number="944" hits="1"/>
						<line number="945" hits="1"/>
						<line number="959" hits="1"/>
						<line number="960" hits="1"/>
						<line number="962" hits="1"/>
						<line number="963" hits="1"/>
						<line number="964" hits="1"/>
						<line number="965" hits="1"/>
						<line number="966" hits="1"/>
						<line number="967" hits="1"/>
						<line number="968" hits="1"/>
						<line number="969" hits="1"/>
						<line number="970" hits="1"/>
						<line number="971" hits="1"/>
						<line number="975" hits="1"/>
						<line number="976" hits="1"/>
						<line number="979" hits="1"/>
						<line number="980" hits="1"/>
						<line number="981" hits="1"/>
						<line number="982" hits="1"/>
						<line number="983" hits="1"/>
						<line number="984" hits="1"/>
						<line number="985" hits="1"/>
						<line number="987" hits="1"/>
						<line number="1014" hits="1"/>
						<line number="1015" hits="1"/>
						<line number="1021" hits="1"/>
						<line number="1023" hits="1"/>
						<line number="1024" hits="1"/>
						<line number="1032" hits="1"/>
						<line number="1033" hits="1"/>
						<line number="1036" hits="1"/>
						<line number="1037" hits="1"/>
						<line number="1046" hits="1"/>
						<line number="1055" hits="1"/>
						<line number="1056" hits="1"/>
						<line number="1061" hits="1"/>
						<line number="1062" hits="1"/>
						<line number="1063" hits="1"/>
						<line number="1067" hits="1"/>
						<line number="1078" hits="1"/>
						<line number="1079" hits="1"/>
						<line number="1080" hits="1"/>
						<line number="1081" hits="1"/>
						<line number="1083" hits="1"/>
						<line number="1092" hits="1"/>
						<line number="1098" hits="1"/>
						<line number="1099" hits="1"/>
						<line number="1100" hits="1"/>
						<line number="1101" hits="1"/>
						<line number="1102" hits="1"/>
						<line number="1105" hits="1"/>
						<line number="1106" hits="1"/>
						<line number="1107" hits="1"/>
						<line number="1110" hits="1"/>
						<line number="1144" hits="1"/>
						<line number="1153" hits="1"/>
						<line number="1154" hits="1"/>
						<line number="1155" hits="1"/>
						<line number="1157" hits="1"/>
						<line number="1159" hits="1"/>
						<line number="1161" hits="1"/>
						<line number="1162" hits="1"/>
						<line number="1163" hits="1"/>
						<line number="1165" hits="1"/>
						<line number="1168" hits="1"/>
						<line number="1249" hits="1"/>
						<line number="1265" hits="1"/>
						<line number="1266" hits="1"/>
						<line number="1267" hits="1"/>
						<line number="1268" hits="1"/>
						<line number="1269" hits="1"/>
						<line number="1270" hits="1"/>
						<line number="1271" hits="1"/>
						<line number="1273" hits="1"/>
						<line number="1275" hits="1"/>
						<line number="1277" hits="1"/>
						<line number="1279" hits="1"/>
						<line number="1280" hits="1"/>
						<line number="1282" hits="1"/>
						<line number="1283" hits="1"/>
						<line number="1286" hits="1"/>
						<line number="1288" hits="1"/>
						<line number="1290" hits="1"/>
						<line number="1292" hits="1"/>
						<line number="1294" hits="1"/>
						<line number="1296" hits="1"/>
						<line number="1298" hits="1"/>
						<line number="1340" hits="1"/>
						<line number="1341" hits="1"/>
						<line number="1347" hits="1"/>
						<line number="1349" hits="1"/>
						<line number="1351" hits="1"/>
						<line number="1352" hits="1"/>
						<line number="1357" hits="1"/>
						<line number="1359" hits="1"/>
						<line number="1360" hits="1"/>
						<line number="1361" hits="1"/>
						<line number="1363" hits="1"/>
						<line number="1383" hits="1"/>
						<line number="1385" hits="1"/>
						<line number="1414" hits="1"/>
						<line number="1415" hits="1"/>
						<line number="1422" hits="1"/>
						<line number="1423" hits="1"/>
						<line number="1425" hits="1"/>
						<line number="1426" hits="1"/>
						<line number="1427" hits="1"/>
						<line number="1428" hits="1"/>
						<line number="1430" hits="1"/>
						<line number="1431" hits="1"/>
						<line number="1436" hits="1"/>
						<line number="1437" hits="1"/>
						<line number="1439" hits="1"/>
						<line number="1440" hits="1"/>
						<line number="1441" hits="1"/>
						<line number="1442" hits="1"/>
						<line number="1443" hits="1"/>
						<line number="1447" hits="1"/>
						<line number="1448" hits="1"/>
						<line number="1450" hits="1"/>
						<line number="1451" hits="1"/>
						<line number="1462" hits="1"/>
						<line number="1467" hits="1"/>
						<line number="1469" hits="1"/>
						<line number="1470" hits="1"/>
						<line number="1475" hits="1"/>
						<line number="1477" hits="1"/>
						<line number="1512" hits="1"/>
						<line number="1513" hits="1"/>
						<line number="1522" hits="1"/>
						<line number="1523" hits="1"/>
						<line number="1524" hits="1"/>
						<line number="1531" hits="1"/>
						<line number="1539" hits="1"/>
						<line number="1540" hits="1"/>
						<line number="1548" hits="1"/>
						<line number="1550" hits="1"/>
						<line number="1551" hits="1"/>
						<line number="1552" hits="1"/>
						<line number="1553" hits="1"/>
						<line number="1555" hits="1"/>
						<line number="1556" hits="1"/>
						<line number="1560" hits="1"/>
						<line number="1562" hits="1"/>
						<line number="1563" hits="1"/>
						<line number="1564" hits="1"/>
						<line number="1566" hits="1"/>
						<line number="1568" hits="1"/>
						<line number="1569" hits="1"/>
						<line number="1570" hits="1"/>
						<line number="1571" hits="1"/>
						<line number="1572" hits="1"/>
						<line number="1573" hits="1"/>
						<line number="1581" hits="1"/>
						<line number="1593" hits="1"/>
						<line number="1626" hits="1"/>
						<line number="1627" hits="1"/>
						<line number="1638" hits="1"/>
						<line number="1640" hits="1"/>
						<line number="1641" hits="1"/>
						<line number="1642" hits="1"/>
						<line number="1643" hits="1"/>
						<line number="1645" hits="1"/>
						<line number="1646" hits="1"/>
						<line number="1650" hits="1"/>
						<line number="1651" hits="1"/>
						<line number="1653" hits="1"/>
						<line number="1656" hits="1"/>
						<line number="1657" hits="1"/>
						<line number="1659" hits="1"/>
						<line number="1661" hits="1"/>
						<line number="1662" hits="1"/>
						<line number="1663" hits="1"/>
						<line number="1664" hits="1"/>
						<line number="1666" hits="1"/>
						<line number="1668" hits="1"/>
						<line number="1669" hits="1"/>
						<line number="1677" hits="1"/>
						<line number="1684" hits="1"/>
						<line number="1685" hits="1"/>
						<line number="1693" hits="1"/>
						<line number="1704" hits="1"/>
						<line number="1714" hits="1"/>
						<line number="1715" hits="1"/>
						<line number="1721" hits="1"/>
						<line number="1723" hits="1"/>
						<line number="1724" hits="1"/>
						<line number="1729" hits="1"/>
						<line number="1731" hits="1"/>
						<line number="1737" hits="1"/>
						<line number="1738" hits="1"/>
						<line number="1740" hits="1"/>
						<line number="1756" hits="1"/>
						<line number="1757" hits="1"/>
						<line number="1762" hits="1"/>
						<line number="1764" hits="1"/>
						<line number="1765" hits="1"/>
						<line number="1766" hits="1"/>
						<line number="1768" hits="1"/>
						<line number="1769" hits="1"/>
						<line number="1770" hits="1"/>
						<line number="1771" hits="1"/>
						<line number="1772" hits="1"/>
						<line number="1773" hits="1"/>
						<line number="1774" hits="1"/>
						<line number="1776" hits="1"/>
						<line number="1791" hits="1"/>
						<line number="1802" hits="1"/>
						<line number="1803" hits="1"/>
						<line number="1809" hits="1"/>
						<line number="1811" hits="1"/>
						<line number="1813" hits="1"/>
						<line number="1814" hits="1"/>
						<line number="1819" hits="1"/>
						<line number="1821" hits="1"/>
						<line number="1822" hits="1"/>
						<line number="1824" hits="1"/>
						<line number="1825" hits="1"/>
						<line number="1827" hits="1"/>
						<line number="1829" hits="1"/>
						<line number="1830" hits="1"/>
						<line number="1831" hits="1"/>
						<line number="1832" hits="1"/>
						<line number="1833" hits="1"/>
						<line number="1834" hits="1"/>
						<line number="1835" hits="1"/>
						<line number="1836" hits="1"/>
						<line number="1838" hits="1"/>
						<line number="1839" hits="1"/>
						<line number="1841" hits="1"/>
						<line number="1842" hits="1"/>
						<line number="1843" hits="1"/>
						<line number="1844" hits="1"/>
						<line number="1845" hits="1"/>
						<line number="1846" hits="1"/>
						<line number="1847" hits="1"/>
						<line number="1849" hits="1"/>
						<line number="1850" hits="1"/>
						<line number="1852" hits="1"/>
						<line number="1854" hits="1"/>
						<line number="1855" hits="1"/>
						<line number="1856" hits="1"/>
						<line number="1857" hits="1"/>
						<line number="1873" hits="1"/>
						<line number="1880" hits="1"/>
						<line number="1881" hits="1"/>
						<line number="1882" hits="1"/>
						<line number="1884" hits="1"/>
						<line number="1916" hits="1"/>
						<line number="1917" hits="1"/>
						<line number="1926" hits="1"/>
						<line number="1927" hits="1"/>
						<line number="1929" hits="1"/>
						<line number="1930" hits="1"/>
						<line number="1932" hits="1"/>
						<line number="1934" hits="1"/>
						<line number="1936" hits="1"/>
						<line number="1937" hits="1"/>
						<line number="1941" hits="1"/>
						<line number="1943" hits="1"/>
						<line number="1944" hits="1"/>
						<line number="1945" hits="1"/>
						<line number="1946" hits="1"/>
						<line number="1947" hits="1"/>
						<line number="1949" hits="1"/>
						<line number="1950" hits="1"/>
						<line number="1952" hits="1"/>
						<line number="1953" hits="1"/>
						<line number="1958" hits="1"/>
						<line number="1959" hits="1"/>
						<line number="1960" hits="1"/>
						<line number="1961" hits="1"/>
						<line number="1962" hits="1"/>
						<line number="1964" hits="1"/>
						<line number="1965" hits="1"/>
						<line number="1966" hits="1"/>
						<line number="1967" hits="1"/>
						<line number="1968" hits="1"/>
						<line number="1970" hits="1"/>
						<line number="1971" hits="1"/>
						<line number="1972" hits="1"/>
						<line number="1974" hits="1"/>
						<line number="1975" hits="1"/>
						<line number="1985" hits="1"/>
						<line number="1986" hits="1"/>
						<line number="1987" hits="1"/>
						<line number="1989" hits="1"/>
						<line number="1990" hits="1"/>
						<line number="1991" hits="1"/>
						<line number="1993" hits="1"/>
						<line number="1995" hits="1"/>
						<line number="1997" hits="1"/>
						<line number="2011" hits="1"/>
						<line number="2012" hits="1"/>
						<line number="2018" hits="1"/>
						<line number="2019" hits="1"/>
						<line number="2021" hits="1"/>
						<line number="2022" hits="1"/>
						<line number="2024" hits="1"/>
						<line number="2026" hits="1"/>
						<line number="2028" hits="1"/>
						<line number="2029" hits="1"/>
						<line number="2033" hits="1"/>
						<line number="2035" hits="1"/>
						<line number="2036" hits="1"/>
						<line number="2041" hits="1"/>
						<line number="2042" hits="1"/>
						<line number="2043" hits="1"/>
						<line number="2044" hits="1"/>
						<line number="2046" hits="1"/>
						<line number="2047" hits="1"/>
						<line number="2048" hits="1"/>
						<line number="2049" hits="1"/>
						<line number="2050" hits="1"/>
						<line number="2051" hits="1"/>
						<line number="2053" hits="1"/>
						<line number="2054" hits="1"/>
						<line number="2055" hits="1"/>
						<line number="2057" hits="1"/>
						<line number="2058" hits="1"/>
						<line number="2059" hits="1"/>
						<line number="2060" hits="1"/>
						<line number="2062" hits="1"/>
						<line number="2064" hits="1"/>
						<line number="2095" hits="1"/>
						<line number="2096" hits="1"/>
						<line number="2103" hits="1"/>
						<line number="2105" hits="1"/>
						<line number="2107" hits="1"/>
						<line number="2109" hits="1"/>
						<line number="2110" hits="1"/>
						<line number="2115" hits="1"/>
						<line number="2116" hits="1"/>
						<line number="2121" hits="1"/>
						<line number="2124" hits="1"/>
						<line number="2125" hits="1"/>
						<line number="2127" hits="1"/>
						<line number="2130" hits="1"/>
						<line number="2131" hits="1"/>
						<line number="2133" hits="1"/>
						<line number="2135" hits="1"/>
						<line number="2144" hits="1"/>
						<line number="2146" hits="1"/>
						<line number="2147" hits="1"/>
						<line number="2150" hits="1"/>
						<line number="2152" hits="1"/>
						<line number="2153" hits="1"/>
						<line number="2154" hits="1"/>
						<line number="2155" hits="1"/>
						<line number="2156" hits="1"/>
						<line number="2157" hits="1"/>
						<line number="2159" hits="1"/>
						<line number="2164" hits="1"/>
						<line number="2165" hits="1"/>
						<line number="2167" hits="1"/>
						<line number="2169" hits="1"/>
						<line number="2170" hits="1"/>
						<line number="2171" hits="1"/>
						<line number="2173" hits="1"/>
						<line number="2184" hits="1"/>
						<line number="2185" hits="1"/>
						<line number="2186" hits="1"/>
						<line number="2187" hits="1"/>
						<line number="2189" hits="1"/>
						<line number="2198" hits="1"/>
						<line number="2204" hits="1"/>
						<line number="2205" hits="1"/>
						<line number="2206" hits="1"/>
						<line number="2207" hits="1"/>
						<line number="2208" hits="1"/>
						<line number="2209" hits="1"/>
						<line number="2210" hits="1"/>
						<line number="2211" hits="1"/>
						<line number="2214" hits="1"/>
						<line number="2287" hits="1"/>
						<line number="2304" hits="1"/>
						<line number="2305" hits="1"/>
						<line number="2306" hits="1"/>
						<line number="2307" hits="1"/>
						<line number="2308" hits="1"/>
						<line number="2309" hits="1"/>
						<line number="2310" hits="1"/>
						<line number="2312" hits="1"/>
						<line number="2314" hits="1"/>
						<line number="2316" hits="1"/>
						<line number="2317" hits="1"/>
						<line number="2319" hits="1"/>
						<line number="2320" hits="1"/>
						<line number="2324" hits="1"/>
						<line number="2326" hits="1"/>
						<line number="2327" hits="1"/>
						<line number="2329" hits="1"/>
						<line number="2330" hits="1"/>
						<line number="2332" hits="1"/>
						<line number="2333" hits="1"/>
						<line number="2335" hits="1"/>
						<line number="2337" hits="1"/>
						<line number="2339" hits="1"/>
						<line number="2363" hits="1"/>
						<line number="2369" hits="1"/>
						<line number="2386" hits="1"/>
						<line number="2387" hits="1"/>
						<line number="2389" hits="1"/>
						<line number="2390" hits="1"/>
						<line number="2392" hits="1"/>
						<line number="2393" hits="1"/>
						<line number="2394" hits="1"/>
						<line number="2396" hits="1"/>
						<line number="2397" hits="1"/>
						<line number="2398" hits="1"/>
						<line number="2400" hits="1"/>
						<line number="2403" hits="1"/>
						<line number="2405" hits="1"/>
						<line number="2406" hits="1"/>
						<line number="2407" hits="1"/>
						<line number="2408" hits="1"/>
						<line number="2410" hits="1"/>
						<line number="2411" hits="1"/>
						<line number="2412" hits="1"/>
						<line number="2415" hits="1"/>
						<line number="2416" hits="1"/>
						<line number="2418" hits="1"/>
						<line number="2419" hits="1"/>
						<line number="2420" hits="1"/>
						<line number="2421" hits="1"/>
						<line number="2422" hits="1"/>
						<line number="2423" hits="1"/>
						<line number="2425" hits="1"/>
						<line number="2426" hits="1"/>
						<line number="2427" hits="1"/>
						<line number="2429" hits="1"/>
						<line number="2439" hits="1"/>
						<line number="2440" hits="1"/>
						<line number="2441" hits="1"/>
						<line number="2442" hits="1"/>
						<line number="2448" hits="1"/>
						<line number="2449" hits="1"/>
						<line number="2451" hits="1"/>
						<line number="2456" hits="1"/>
						<line number="2457" hits="1"/>
						<line number="2462" hits="1"/>
						<line number="2463" hits="1"/>
						<line number="2464" hits="1"/>
						<line number="2466" hits="1"/>
						<line number="2475" hits="1"/>
						<line number="2476" hits="1"/>
						<line number="2477" hits="1"/>
						<line number="2478" hits="1"/>
						<line number="2480" hits="1"/>
						<line number="2489" hits="1"/>
						<line number="2495" hits="1"/>
						<line number="2496" hits="1"/>
						<line number="2497" hits="1"/>
						<line number="2498" hits="1"/>
						<line number="2499" hits="1"/>
						<line number="2502" hits="1"/>
						<line number="2503" hits="1"/>
						<line number="2504" hits="1"/>
						<line number="2507" hits="1"/>
						<line number="2569" hits="1"/>
						<line number="2584" hits="1"/>
						<line number="2585" hits="1"/>
						<line number="2586" hits="1"/>
						<line number="2587" hits="1"/>
						<line number="2588" hits="1"/>
						<line number="2589" hits="1"/>
						<line number="2591" hits="1"/>
						<line number="2592" hits="1"/>
						<line number="2593" hits="1"/>
						<line number="2594" hits="1"/>
						<line number="2595" hits="1"/>
						<line number="2597" hits="1"/>
						<line number="2599" hits="1"/>
						<line number="2600" hits="1"/>
						<line number="2602" hits="1"/>
						<line number="2603" hits="1"/>
						<line number="2605" hits="1"/>
						<line number="2606" hits="1"/>
						<line number="2608" hits="1"/>
						<line number="2610" hits="1"/>
						<line number="2612" hits="1"/>
						<line number="2613" hits="1"/>
						<line number="2614" hits="1"/>
						<line number="2616" hits="1"/>
						<line number="2625" hits="1"/>
						<line number="2626" hits="1"/>
						<line number="2627" hits="1"/>
						<line number="2628" hits="1"/>
						<line number="2630" hits="1"/>
						<line number="2639" hits="1"/>
						<line number="2645" hits="1"/>
						<line number="2646" hits="1"/>
						<line number="2647" hits="1"/>
						<line number="2649" hits="1"/>
						<line number="2650" hits="1"/>
						<line number="2651" hits="1"/>
						<line number="2652" hits="1"/>
						<line number="2653" hits="1"/>
						<line number="2654" hits="1"/>
						<line number="2657" hits="1"/>
						<line number="2724" hits="1"/>
						<line number="2741" hits="1"/>
						<line number="2742" hits="1"/>
						<line number="2743" hits="1"/>
						<line number="2744" hits="1"/>
						<line number="2745" hits="1"/>
						<line number="2746" hits="1"/>
						<line number="2747" hits="1"/>
						<line number="2749" hits="1"/>
						<line number="2751" hits="1"/>
						<line number="2752" hits="1"/>
						<line number="2753" hits="1"/>
						<line number="2755" hits="1"/>
						<line number="2757" hits="1"/>
						<line number="2758" hits="1"/>
						<line number="2760" hits="1"/>
						<line number="2761" hits="1"/>
						<line number="2763" hits="1"/>
						<line number="2764" hits="1"/>
						<line number="2766" hits="1"/>
						<line number="2767" hits="1"/>
						<line number="2768" hits="1"/>
						<line number="2769" hits="1"/>
						<line number="2770" hits="1"/>
						<line number="2771" hits="1"/>
						<line number="2773" hits="1"/>
						<line number="2774" hits="1"/>
						<line number="2775" hits="1"/>
						<line number="2777" hits="1"/>
						<line number="2778" hits="1"/>
						<line number="2779" hits="1"/>
						<line number="2781" hits="1"/>
						<line number="2783" hits="1"/>
						<line number="2784" hits="1"/>
						<line number="2785" hits="1"/>
						<line number="2794" hits="1"/>
						<line number="2795" hits="1"/>
						<line number="2796" hits="1"/>
						<line number="2798" hits="1"/>
						<line number="2816" hits="1"/>
						<line number="2817" hits="1"/>
						<line number="2820" hits="1"/>
						<line number="2823" hits="1"/>
						<line number="2824" hits="1"/>
						<line number="2825" hits="1"/>
						<line number="2826" hits="1"/>
						<line number="2827" hits="1"/>
						<line number="2829" hits="1"/>
						<line number="2830" hits="1"/>
						<line number="2836" hits="1"/>
						<line number="2837" hits="1"/>
						<line number="2838" hits="1"/>
						<line number="2839" hits="1"/>
						<line number="2840" hits="1"/>
						<line number="2841" hits="1"/>
						<line number="2846" hits="1"/>
						<line number="2849" hits="1"/>
						<line number="2850" hits="1"/>
						<line number="2853" hits="1"/>
						<line number="2854" hits="1"/>
						<line number="2855" hits="1"/>
						<line number="2857" hits="1"/>
						<line number="2865" hits="1"/>
						<line number="2886" hits="1"/>
						<line number="2887" hits="1"/>
						<line number="2889" hits="1"/>
						<line number="2891" hits="1"/>
						<line number="2893" hits="1"/>
						<line number="2895" hits="1"/>
						<line number="2896" hits="1"/>
						<line number="2897" hits="1"/>
						<line number="2899" hits="1"/>
						<line number="2901" hits="1"/>
						<line number="2902" hits="1"/>
						<line number="2903" hits="1"/>
						<line number="2904" hits="1"/>
						<line number="2909" hits="1"/>
						<line number="2910" hits="1"/>
						<line number="2911" hits="1"/>
						<line number="2912" hits="1"/>
						<line number="2913" hits="1"/>
						<line number="2914" hits="1"/>
						<line number="2915" hits="1"/>
						<line number="2916" hits="1"/>
						<line number="2917" hits="1"/>
						<line number="2918" hits="1"/>
						<line number="2920" hits="1"/>
						<line number="2921" hits="1"/>
						<line number="2922" hits="1"/>
						<line number="2923" hits="1"/>
						<line number="2925" hits="1"/>
						<line number="2926" hits="1"/>
						<line number="2927" hits="1"/>
						<line number="2928" hits="1"/>
						<line number="2930" hits="1"/>
						<line number="2938" hits="1"/>
						<line number="2954" hits="1"/>
						<line number="2955" hits="1"/>
						<line number="2957" hits="1"/>
						<line number="2959" hits="1"/>
						<line number="2966" hits="1"/>
						<line number="2967" hits="1"/>
						<line number="2968" hits="1"/>
						<line number="2970" hits="1"/>
						<line number="2980" hits="1"/>
						<line number="2981" hits="1"/>
						<line number="2982" hits="1"/>
						<line number="2983" hits="1"/>
						<line number="2985" hits="1"/>
						<line number="2994" hits="1"/>
						<line number="3000" hits="1"/>
						<line number="3001" hits="1"/>
						<line number="3002" hits="1"/>
						<line number="3003" hits="1"/>
						<line number="3004" hits="1"/>
						<line number="3005" hits="1"/>
						<line number="3006" hits="1"/>
						<line number="3007" hits="1"/>
						<line number="3010" hits="1"/>
						<line number="3050" hits="1"/>
						<line number="3052" hits="1"/>
						<line number="3082" hits="1"/>
						<line number="3084" hits="1"/>
						<line number="3086" hits="1"/>
						<line number="3087" hits="1"/>
						<line number="3092" hits="1"/>
						<line number="3093" hits="1"/>
						<line number="3094" hits="1"/>
						<line number="3095" hits="1"/>
						<line number="3097" hits="1"/>
						<line number="3098" hits="1"/>
						<line number="3102" hits="1"/>
						<line number="3103" hits="1"/>
						<line number="3107" hits="1"/>
						<line number="3108" hits="1"/>
						<line number="3113" hits="1"/>
						<line number="3114" hits="1"/>
						<line number="3115" hits="1"/>
						<line number="3116" hits="1"/>
						<line number="3118" hits="1"/>
						<line number="3120" hits="1"/>
						<line number="3121" hits="1"/>
						<line number="3123" hits="1"/>
						<line number="3125" hits="1"/>
						<line number="3126" hits="1"/>
						<line number="3132" hits="1"/>
						<line number="3133" hits="1"/>
						<line number="3134" hits="1"/>
						<line number="3135" hits="1"/>
						<line number="3137" hits="1"/>
						<line number="3138" hits="1"/>
						<line number="3139" hits="1"/>
						<line number="3140" hits="1"/>
						<line number="3145" hits="1"/>
						<line number="3157" hits="1"/>
						<line number="3163" hits="1"/>
						<line number="3206" hits="1"/>
						<line number="3240" hits="1"/>
						<line number="3242" hits="1"/>
						<line number="3272" hits="1"/>
						<line number="3275" hits="1"/>
						<line number="3277" hits="1"/>
						<line number="3278" hits="1"/>
						<line number="3283" hits="1"/>
						<line number="3284" hits="1"/>
						<line number="3285" hits="1"/>
						<line number="3287" hits="1"/>
						<line number="3289" hits="1"/>
						<line number="3291" hits="1"/>
						<line number="3294" hits="1"/>
						<line number="3295" hits="1"/>
						<line number="3297" hits="1"/>
						<line number="3303" hits="1"/>
						<line number="3313" hits="1"/>
						<line number="3314" hits="1"/>
						<line number="3315" hits="1"/>
						<line number="3316" hits="1"/>
						<line number="3317" hits="1"/>
						<line number="3327" hits="1"/>
						<line number="3364" hits="1"/>
						<line number="3366" hits="1"/>
						<line number="3409" hits="1"/>
						<line number="3412" hits="1"/>
						<line number="3414" hits="1"/>
						<line number="3415" hits="1"/>
						<line number="3423" hits="1"/>
						<line number="3425" hits="1"/>
						<line number="3428" hits="1"/>
						<line number="3431" hits="1"/>
						<line number="3438" hits="1"/>
						<line number="3440" hits="1"/>
						<line number="3441" hits="1"/>
						<line number="3442" hits="1"/>
						<line number="3446" hits="1"/>
						<line number="3447" hits="1"/>
						<line number="3448" hits="1"/>
						<line number="3454" hits="1"/>
						<line number="3461" hits="1"/>
						<line number="3463" hits="1"/>
						<line number="3464" hits="1"/>
						<line number="3465" hits="1"/>
						<line number="3467" hits="1"/>
						<line number="3468" hits="1"/>
						<line number="3470" hits="1"/>
						<line number="3471" hits="1"/>
						<line number="3473" hits="1"/>
						<line number="3483" hits="1"/>
						<line number="3485" hits="1"/>
						<line number="3487" hits="1"/>
						<line number="3488" hits="1"/>
						<line number="3489" hits="1"/>
						<line number="3490" hits="1"/>
						<line number="3491" hits="1"/>
						<line number="3495" hits="1"/>
						<line number="3500" hits="1"/>
						<line number="3501" hits="1"/>
						<line number="3503" hits="1"/>
						<line number="3519" hits="1"/>
						<line number="3521" hits="1"/>
						<line number="3522" hits="1"/>
						<line number="3524" hits="1"/>
						<line number="3525" hits="1"/>
						<line number="3526" hits="1"/>
						<line number="3528" hits="1"/>
						<line number="3529" hits="1"/>
						<line number="3530" hits="1"/>
						<line number="3531" hits="1"/>
						<line number="3533" hits="1"/>
						<line number="3534" hits="1"/>
						<line number="3535" hits="1"/>
						<line number="3536" hits="1"/>
						<line number="3541" hits="1"/>
						<line number="3542" hits="1"/>
						<line number="3543" hits="1"/>
						<line number="3544" hits="1"/>
						<line number="3545" hits="1"/>
						<line number="3547" hits="1"/>
						<line number="3548" hits="1"/>
						<line number="3553" hits="1"/>
						<line number="3564" hits="1"/>
						<line number="3565" hits="1"/>
						<line number="3570" hits="1"/>
						<line number="3572" hits="1"/>
						<line number="3573" hits="1"/>
						<line number="3575" hits="1"/>
						<line number="3576" hits="1"/>
						<line number="3577" hits="1"/>
						<line number="3578" hits="1"/>
						<line number="3580" hits="1"/>
						<line number="3593" hits="1"/>
						<line number="3595" hits="1"/>
						<line number="3596" hits="1"/>
						<line number="3597" hits="1"/>
						<line number="3598" hits="1"/>
						<line number="3599" hits="1"/>
						<line number="3603" hits="1"/>
						<line number="3604" hits="1"/>
						<line number="3606" hits="1"/>
						<line number="3620" hits="1"/>
						<line number="3621" hits="1"/>
						<line number="3623" hits="1"/>
						<line number="3624" hits="1"/>
						<line number="3625" hits="1"/>
						<line number="3627" hits="1"/>
						<line number="3628" hits="1"/>
						<line number="3633" hits="1"/>
						<line number="3634" hits="1"/>
						<line number="3635" hits="1"/>
						<line number="3640" hits="1"/>
						<line number="3641" hits="1"/>
						<line number="3643" hits="1"/>
						<line number="3646" hits="1"/>
						<line number="3647" hits="1"/>
						<line number="3650" hits="1"/>
						<line number="3655" hits="1"/>
						<line number="3657" hits="1"/>
						<line number="3673" hits="1"/>
						<line number="3678" hits="1"/>
						<line number="3680" hits="1"/>
						<line number="3682" hits="1"/>
						<line number="3683" hits="1"/>
						<line number="3684" hits="1"/>
						<line number="3685" hits="1"/>
						<line number="3688" hits="1"/>
						<line number="3689" hits="1"/>
						<line number="3694" hits="1"/>
						<line number="3695" hits="1"/>
						<line number="3696" hits="1"/>
						<line number="3697" hits="1"/>
						<line number="3699" hits="1"/>
						<line number="3700" hits="1"/>
						<line number="3702" hits="1"/>
						<line number="3723" hits="1"/>
						<line number="3728" hits="1"/>
						<line number="3730" hits="1"/>
						<line number="3732" hits="1"/>
						<line number="3733" hits="1"/>
						<line number="3734" hits="1"/>
						<line number="3735" hits="1"/>
						<line number="3738" hits="1"/>
						<line number="3739" hits="1"/>
						<line number="3745" hits="1"/>
						<line number="3746" hits="1"/>
						<line number="3747" hits="1"/>
						<line number="3748" hits="1"/>
						<line number="3750" hits="1"/>
						<line number="3751" hits="1"/>
						<line number="3753" hits="1"/>
						<line number="3754" hits="1"/>
						<line number="3755" hits="1"/>
						<line number="3759" hits="1"/>
						<line number="3762" hits="1"/>
						<line number="3771" hits="1"/>
						<line number="3772" hits="1"/>
						<line number="3773" hits="1"/>
						<line number="3776" hits="1"/>
						<line number="3778" hits="1"/>
						<line number="3787" hits="1"/>
						<line number="3788" hits="1"/>
						<line number="3789" hits="1"/>
						<line number="3791" hits="1"/>
						<line number="3800" hits="1"/>
						<line number="3805" hits="1"/>
						<line number="3944" hits="1"/>
						<line number="3986" hits="1"/>
						<line number="3994" hits="1"/>
						<line number="3995" hits="1"/>
						<line number="3997" hits="1"/>
						<line number="3998" hits="1"/>
						<line number="3999" hits="1"/>
						<line number="4000" hits="1"/>
						<line number="4001" hits="1"/>
						<line number="4002" hits="1"/>
						<line number="4003" hits="1"/>
						<line number="4004" hits="1"/>
						<line number="4005" hits="1"/>
					</lines>
				</class>
			</classes>
		</package>
	</packages>
</coverage>
